[35m[Appium][39m Welcome to Appium v1.17.1
[35m[Appium][39m Non-default server args:
[35m[Appium][39m   port: 57403
[35m[Appium][39m   loglevel: info
[35m[Appium][39m   tmpDir: C:\Users\septian\AppData\Local\Temp\\Katalon\Appium\Temp1612362502962
[35m[Appium][39m   chromedriverPort: 57404
[35m[Appium][39m Deprecated server args:
[35m[Appium][39m   [31m--chromedriver-port[39m => --default-capabilities '{"chromedriverPort":57404}'
[35m[Appium][39m Default capabilities, which will be added to each request unless overridden by desired capabilities:
[35m[Appium][39m   chromedriverPort: 57404
[35m[Appium][39m Appium REST http interface listener started on 0.0.0.0:57403
[35m[HTTP][39m [37m-->[39m [37mGET[39m [37m/wd/hub/status[39m
[35m[HTTP][39m [90m{}[39m
[35m[HTTP][39m [37m<-- GET /wd/hub/status [39m[32m200[39m [90m9 ms - 68[39m
[35m[HTTP][39m [90m[39m
[35m[HTTP][39m [37m-->[39m [37mGET[39m [37m/wd/hub/status[39m
[35m[HTTP][39m [90m{}[39m
[35m[HTTP][39m [37m<-- GET /wd/hub/status [39m[32m200[39m [90m2 ms - 68[39m
[35m[HTTP][39m [90m[39m
[35m[HTTP][39m [37m-->[39m [37mPOST[39m [37m/wd/hub/session[39m
[35m[HTTP][39m [90m{"desiredCapabilities":{"app":"C:\\Users\\septian\\Downloads\\id.co.myhomecredit_10112_apps.evozi.com.apk","noReset":true,"deviceName":"samsung SM-A530F (Android 7.1.1)","fullReset":false,"platform":"ANDROID","newCommandTimeout":1800,"platformVersion":"7.1.1","automationName":"uiautomator2","autoGrantPermissions":true,"platformName":"Android","udid":"52000aeab2aec4d3","systemPort":57416},"capabilities":{"firstMatch":[{"appium:app":"C:\\Users\\septian\\Downloads\\id.co.myhomecredit_10112_apps.evozi.com.apk","appium:autoGrantPermissions":true,"appium:automationName":"uiautomator2","appium:deviceName":"samsung SM-A530F (Android 7.1.1)","appium:fullReset":false,"appium:newCommandTimeout":1800,"appium:noReset":true,"platform":"ANDROID","platformName":"android","appium:platformVersion":"7.1.1","appium:systemPort":57416,"appium:udid":"52000aeab2aec4d3"}]}}[39m
[35m[BaseDriver][39m The following capabilities are not standard capabilities and should have an extension prefix:
[35m[BaseDriver][39m   platform
[35m[BaseDriver][39m   chromedriverPort
[35m[Appium][39m Appium v1.17.1 creating new AndroidUiautomator2Driver (v1.44.2) session
[35m[BaseDriver][39m The following capabilities were provided, but are not recognized by Appium:
[35m[BaseDriver][39m   platform
[35m[BaseDriver][39m Session created with session id: 3413079c-3711-4342-b466-2b51aead5707
[35m[BaseDriver][39m Using local app 'C:\Users\septian\Downloads\id.co.myhomecredit_10112_apps.evozi.com.apk'
[35m[ADB][39m Found 1 'build-tools' folders under 'C:\Users\septian\.katalon\tools\android_sdk' (newest first):
[35m[ADB][39m     C:/Users/septian/.katalon/tools/android_sdk/build-tools/29.0.3
[35m[ADB][39m Using 'adb.exe' from 'C:\Users\septian\.katalon\tools\android_sdk\platform-tools\adb.exe'
[35m[AndroidDriver][39m Retrieving device list
[35m[AndroidDriver][39m Using device: 52000aeab2aec4d3
[35m[ADB][39m Using 'adb.exe' from 'C:\Users\septian\.katalon\tools\android_sdk\platform-tools\adb.exe'
[35m[ADB][39m Package name: 'id.co.myhomecredit'
[35m[ADB][39m Main activity name: 'id.co.homecredit.v2.launcherpage.SplashScreenActivity'
[35m[ADB][39m Using 'apksigner.jar' from 'C:\Users\septian\.katalon\tools\android_sdk\build-tools\29.0.3\lib\apksigner.jar'
[35m[UiAutomator2][39m Server packages are not going to be (re)installed
[35m[UiAutomator2][39m Starting UIAutomator2 server 4.5.5
[35m[UiAutomator2][39m Using UIAutomator2 server from 'C:\Users\septian\AppData\Roaming\npm\node_modules\appium\node_modules\appium-uiautomator2-server\apks\appium-uiautomator2-server-v4.5.5.apk' and test from 'C:\Users\septian\AppData\Roaming\npm\node_modules\appium\node_modules\appium-uiautomator2-server\apks\appium-uiautomator2-server-debug-androidTest.apk'
[35m[UiAutomator2][39m Waiting up to 30000ms for UiAutomator2 to be online...
[35m[WD Proxy][39m Got response with unknown status: {"code":"ECONNRESET"}
[35m[WD Proxy][39m Got response with unknown status: {"code":"ECONNRESET"}
[35m[WD Proxy][39m Determined the downstream protocol as 'W3C'
[35m[AndroidDriver][39m Screen already unlocked, doing nothing
[35m[UiAutomator2][39m Starting 'id.co.myhomecredit/id.co.homecredit.v2.launcherpage.SplashScreenActivity and waiting for 'id.co.myhomecredit/id.co.homecredit.v2.launcherpage.SplashScreenActivity'
[35m[Appium][39m New AndroidUiautomator2Driver session created successfully, session 3413079c-3711-4342-b466-2b51aead5707 added to master session list
[35m[HTTP][39m [37m<-- POST /wd/hub/session [39m[32m200[39m [90m24969 ms - 1327[39m
[35m[HTTP][39m [90m[39m
[35m[HTTP][39m [37m-->[39m [37mGET[39m [37m/wd/hub/session/3413079c-3711-4342-b466-2b51aead5707[39m
[35m[HTTP][39m [90m{}[39m
[35m[HTTP][39m [37m<-- GET /wd/hub/session/3413079c-3711-4342-b466-2b51aead5707 [39m[32m200[39m [90m14 ms - 1259[39m
[35m[HTTP][39m [90m[39m
[35m[HTTP][39m [37m-->[39m [37mGET[39m [37m/wd/hub/session/3413079c-3711-4342-b466-2b51aead5707[39m
[35m[HTTP][39m [90m{}[39m
[35m[HTTP][39m [37m<-- GET /wd/hub/session/3413079c-3711-4342-b466-2b51aead5707 [39m[32m200[39m [90m15 ms - 1259[39m
[35m[HTTP][39m [90m[39m
[35m[HTTP][39m [37m-->[39m [37mGET[39m [37m/wd/hub/status[39m
[35m[HTTP][39m [90m{}[39m
[35m[HTTP][39m [37m<-- GET /wd/hub/status [39m[32m200[39m [90m2 ms - 68[39m
[35m[HTTP][39m [90m[39m
[35m[HTTP][39m [37m-->[39m [37mPOST[39m [37m/wd/hub/session/3413079c-3711-4342-b466-2b51aead5707/timeouts[39m
[35m[HTTP][39m [90m{"implicit":60000}[39m
[35m[HTTP][39m [37m<-- POST /wd/hub/session/3413079c-3711-4342-b466-2b51aead5707/timeouts [39m[32m200[39m [90m9 ms - 14[39m
[35m[HTTP][39m [90m[39m
[35m[HTTP][39m [37m-->[39m [37mGET[39m [37m/wd/hub/session/3413079c-3711-4342-b466-2b51aead5707/source[39m
[35m[HTTP][39m [90m{}[39m
[35m[W3C (3413079c)][39m Driver proxy active, passing request on via HTTP proxy
[35m[WD Proxy][39m Replacing sessionId f0ee372b-d87a-4191-aff9-3f4166ea2eff with 3413079c-3711-4342-b466-2b51aead5707
[35m[HTTP][39m [37m<-- GET /wd/hub/session/3413079c-3711-4342-b466-2b51aead5707/source [39m[32m200[39m [90m176 ms - 2808[39m
[35m[HTTP][39m [90m[39m
[35m[HTTP][39m [37m-->[39m [37mGET[39m [37m/wd/hub/session/3413079c-3711-4342-b466-2b51aead5707/screenshot[39m
[35m[HTTP][39m [90m{}[39m
[35m[HTTP][39m [37m<-- GET /wd/hub/session/3413079c-3711-4342-b466-2b51aead5707/screenshot [39m[32m200[39m [90m416 ms - 68658[39m
[35m[HTTP][39m [90m[39m
[35m[HTTP][39m [37m-->[39m [37mGET[39m [37m/wd/hub/session/3413079c-3711-4342-b466-2b51aead5707/source[39m
[35m[HTTP][39m [90m{}[39m
[35m[W3C (3413079c)][39m Driver proxy active, passing request on via HTTP proxy
[35m[WD Proxy][39m Replacing sessionId f0ee372b-d87a-4191-aff9-3f4166ea2eff with 3413079c-3711-4342-b466-2b51aead5707
[35m[HTTP][39m [37m<-- GET /wd/hub/session/3413079c-3711-4342-b466-2b51aead5707/source [39m[32m200[39m [90m207 ms - 8449[39m
[35m[HTTP][39m [90m[39m
[35m[HTTP][39m [37m-->[39m [37mGET[39m [37m/wd/hub/session/3413079c-3711-4342-b466-2b51aead5707/screenshot[39m
[35m[HTTP][39m [90m{}[39m
[35m[HTTP][39m [37m<-- GET /wd/hub/session/3413079c-3711-4342-b466-2b51aead5707/screenshot [39m[32m200[39m [90m488 ms - 300210[39m
[35m[HTTP][39m [90m[39m
[35m[HTTP][39m [37m-->[39m [37mGET[39m [37m/wd/hub/session/3413079c-3711-4342-b466-2b51aead5707/context[39m
[35m[HTTP][39m [90m{}[39m
[35m[HTTP][39m [37m<-- GET /wd/hub/session/3413079c-3711-4342-b466-2b51aead5707/context [39m[32m200[39m [90m13 ms - 22[39m
[35m[HTTP][39m [90m[39m
[35m[HTTP][39m [37m-->[39m [37mGET[39m [37m/wd/hub/session/3413079c-3711-4342-b466-2b51aead5707/contexts[39m
[35m[HTTP][39m [90m{}[39m
[35m[AndroidDriver][39m Not checking whether webviews have active pages; use the 'ensureWebviewsHavePages' cap to turn this check on
[35m[HTTP][39m [37m<-- GET /wd/hub/session/3413079c-3711-4342-b466-2b51aead5707/contexts [39m[32m200[39m [90m133 ms - 24[39m
[35m[HTTP][39m [90m[39m
[35m[HTTP][39m [37m-->[39m [37mPOST[39m [37m/wd/hub/session/3413079c-3711-4342-b466-2b51aead5707/context[39m
[35m[HTTP][39m [90m{"name":"NATIVE_APP"}[39m
[35m[HTTP][39m [37m<-- POST /wd/hub/session/3413079c-3711-4342-b466-2b51aead5707/context [39m[32m200[39m [90m2 ms - 14[39m
[35m[HTTP][39m [90m[39m
[35m[HTTP][39m [37m-->[39m [37mPOST[39m [37m/wd/hub/session/3413079c-3711-4342-b466-2b51aead5707/touch/perform[39m
[35m[HTTP][39m [90m{"actions":[{"action":"press","options":{"x":870,"y":1285}},{"action":"wait","options":{"ms":500}},{"action":"moveTo","options":{"x":81,"y":1251}},{"action":"release","options":{}}]}[39m
[35m[HTTP][39m [37m<-- POST /wd/hub/session/3413079c-3711-4342-b466-2b51aead5707/touch/perform [39m[32m200[39m [90m1062 ms - 14[39m
[35m[HTTP][39m [90m[39m
[35m[HTTP][39m [37m-->[39m [37mPOST[39m [37m/wd/hub/session/3413079c-3711-4342-b466-2b51aead5707/context[39m
[35m[HTTP][39m [90m{"name":"NATIVE_APP"}[39m
[35m[HTTP][39m [37m<-- POST /wd/hub/session/3413079c-3711-4342-b466-2b51aead5707/context [39m[32m200[39m [90m2 ms - 14[39m
[35m[HTTP][39m [90m[39m
[35m[HTTP][39m [37m-->[39m [37mGET[39m [37m/wd/hub/session/3413079c-3711-4342-b466-2b51aead5707/source[39m
[35m[HTTP][39m [90m{}[39m
[35m[W3C (3413079c)][39m Driver proxy active, passing request on via HTTP proxy
[35m[WD Proxy][39m Replacing sessionId f0ee372b-d87a-4191-aff9-3f4166ea2eff with 3413079c-3711-4342-b466-2b51aead5707
[35m[HTTP][39m [37m<-- GET /wd/hub/session/3413079c-3711-4342-b466-2b51aead5707/source [39m[32m200[39m [90m193 ms - 8440[39m
[35m[HTTP][39m [90m[39m
[35m[HTTP][39m [37m-->[39m [37mGET[39m [37m/wd/hub/session/3413079c-3711-4342-b466-2b51aead5707/screenshot[39m
[35m[HTTP][39m [90m{}[39m
[35m[HTTP][39m [37m<-- GET /wd/hub/session/3413079c-3711-4342-b466-2b51aead5707/screenshot [39m[32m200[39m [90m511 ms - 374672[39m
[35m[HTTP][39m [90m[39m
[35m[HTTP][39m [37m-->[39m [37mGET[39m [37m/wd/hub/session/3413079c-3711-4342-b466-2b51aead5707/context[39m
[35m[HTTP][39m [90m{}[39m
[35m[HTTP][39m [37m<-- GET /wd/hub/session/3413079c-3711-4342-b466-2b51aead5707/context [39m[32m200[39m [90m4 ms - 22[39m
[35m[HTTP][39m [90m[39m
[35m[HTTP][39m [37m-->[39m [37mGET[39m [37m/wd/hub/session/3413079c-3711-4342-b466-2b51aead5707/contexts[39m
[35m[HTTP][39m [90m{}[39m
[35m[AndroidDriver][39m Not checking whether webviews have active pages; use the 'ensureWebviewsHavePages' cap to turn this check on
[35m[HTTP][39m [37m<-- GET /wd/hub/session/3413079c-3711-4342-b466-2b51aead5707/contexts [39m[32m200[39m [90m111 ms - 24[39m
[35m[HTTP][39m [90m[39m
[35m[HTTP][39m [37m-->[39m [37mPOST[39m [37m/wd/hub/session/3413079c-3711-4342-b466-2b51aead5707/context[39m
[35m[HTTP][39m [90m{"name":"NATIVE_APP"}[39m
[35m[HTTP][39m [37m<-- POST /wd/hub/session/3413079c-3711-4342-b466-2b51aead5707/context [39m[32m200[39m [90m2 ms - 14[39m
[35m[HTTP][39m [90m[39m
[35m[HTTP][39m [37m-->[39m [37mPOST[39m [37m/wd/hub/session/3413079c-3711-4342-b466-2b51aead5707/touch/perform[39m
[35m[HTTP][39m [90m{"actions":[{"action":"press","options":{"x":870,"y":1285}},{"action":"wait","options":{"ms":500}},{"action":"moveTo","options":{"x":81,"y":1251}},{"action":"release","options":{}}]}[39m
[35m[HTTP][39m [37m<-- POST /wd/hub/session/3413079c-3711-4342-b466-2b51aead5707/touch/perform [39m[32m200[39m [90m1039 ms - 14[39m
[35m[HTTP][39m [90m[39m
[35m[HTTP][39m [37m-->[39m [37mPOST[39m [37m/wd/hub/session/3413079c-3711-4342-b466-2b51aead5707/context[39m
[35m[HTTP][39m [90m{"name":"NATIVE_APP"}[39m
[35m[HTTP][39m [37m<-- POST /wd/hub/session/3413079c-3711-4342-b466-2b51aead5707/context [39m[32m200[39m [90m2 ms - 14[39m
[35m[HTTP][39m [90m[39m
[35m[HTTP][39m [37m-->[39m [37mGET[39m [37m/wd/hub/session/3413079c-3711-4342-b466-2b51aead5707/source[39m
[35m[HTTP][39m [90m{}[39m
[35m[W3C (3413079c)][39m Driver proxy active, passing request on via HTTP proxy
[35m[WD Proxy][39m Replacing sessionId f0ee372b-d87a-4191-aff9-3f4166ea2eff with 3413079c-3711-4342-b466-2b51aead5707
[35m[HTTP][39m [37m<-- GET /wd/hub/session/3413079c-3711-4342-b466-2b51aead5707/source [39m[32m200[39m [90m226 ms - 8477[39m
[35m[HTTP][39m [90m[39m
[35m[HTTP][39m [37m-->[39m [37mGET[39m [37m/wd/hub/session/3413079c-3711-4342-b466-2b51aead5707/screenshot[39m
[35m[HTTP][39m [90m{}[39m
[35m[HTTP][39m [37m<-- GET /wd/hub/session/3413079c-3711-4342-b466-2b51aead5707/screenshot [39m[32m200[39m [90m471 ms - 369650[39m
[35m[HTTP][39m [90m[39m
[35m[HTTP][39m [37m-->[39m [37mDELETE[39m [37m/wd/hub/session/3413079c-3711-4342-b466-2b51aead5707[39m
[35m[HTTP][39m [90m{}[39m
[35m[Appium][39m Removing session 3413079c-3711-4342-b466-2b51aead5707 from our master session list
[35m[HTTP][39m [37m<-- DELETE /wd/hub/session/3413079c-3711-4342-b466-2b51aead5707 [39m[32m200[39m [90m1335 ms - 14[39m
